<?xml version="1.0" encoding="UTF-8"?>
<!-- Generated by org.testng.reporters.JUnitReportReporter -->
<testsuite skipped="0" hostname="LAPTOP-SNG10N7O" name="maven0421.DemoTest" tests="1" failures="0" timestamp="21 Apr 2018 14:49:05 GMT" time="0.012" errors="0">
  <testcase name="f" time="0.012" classname="maven0421.DemoTest"/>
</testsuite> <!-- maven0421.DemoTest -->
